<?xml version="1.0" encoding="UTF-8"?>
<!-- Generated by org.testng.reporters.JUnitXMLReporter -->
<testsuite ignored="6" hostname="DESKTOP-VRBKJTB" failures="0" tests="1" name="Default test(failed)" time="14.263" errors="0" timestamp="2022-07-14T16:37:15 IST">
  <testcase classname="Test.ZerodaLoginPageTestNg" name="loginWithValidUserId" time="1.944"/>
  <testcase classname="Test.ZerodaLoginPageTestNg" name="openSignup" time="0.0">
    <ignored/>
  </testcase> <!-- openSignup -->
  <testcase classname="Test.ZerodaLoginPageTestNg" name="openForget" time="0.0">
    <ignored/>
  </testcase> <!-- openForget -->
  <testcase classname="Test.ZerodaLoginPageTestNg" name="LoginWithInvalidCredentials" time="0.0">
    <ignored/>
  </testcase> <!-- LoginWithInvalidCredentials -->
  <testcase classname="Test.ZerodaLoginPageTestNg" name="loginWithValidCredentials" time="0.0">
    <ignored/>
  </testcase> <!-- loginWithValidCredentials -->
  <testcase classname="Test.ZerodaLoginPageTestNg" name="loginWithoutCredentailas" time="0.0">
    <ignored/>
  </testcase> <!-- loginWithoutCredentailas -->
  <testcase classname="Test.ZerodaLoginPageTestNg" name="loginWithValidPassword" time="0.0">
    <ignored/>
  </testcase> <!-- loginWithValidPassword -->
</testsuite> <!-- Default test(failed) -->
