<?xml version="1.0" encoding="UTF-8"?>
<!-- Generated by org.testng.reporters.JUnitXMLReporter -->
<testsuite ignored="0" hostname="DESKTOP-VRBKJTB" failures="0" tests="7" name="Test" time="85.756" errors="0" timestamp="2022-07-14T18:31:31 IST">
  <testcase classname="Test.ZerodaLoginPageTestNg" name="loginWithValidCredentials" time="5.406"/>
  <testcase classname="Test.ZerodaLoginPageTestNg" name="LoginWithInvalidCredentials" time="0.541"/>
  <testcase classname="Test.ZerodaLoginPageTestNg" name="loginWithValidUserId" time="0.51"/>
  <testcase classname="Test.ZerodaLoginPageTestNg" name="loginWithValidPassword" time="0.968"/>
  <testcase classname="Test.ZerodaLoginPageTestNg" name="loginWithoutCredentailas" time="0.129"/>
  <testcase classname="Test.ZerodaLoginPageTestNg" name="openForget" time="0.148"/>
  <testcase classname="Test.ZerodaLoginPageTestNg" name="openSignup" time="0.268"/>
</testsuite> <!-- Test -->
