<?xml version="1.0" encoding="UTF-8"?>
<!-- Generated by org.testng.reporters.JUnitXMLReporter -->
<testsuite ignored="2" hostname="DESKTOP-VRBKJTB" failures="0" tests="5" name="Test" time="0.215" errors="0" timestamp="2022-07-14T19:33:59 IST">
  <testcase classname="Test.SampleNg_Test" name="test" time="0.021"/>
  <testcase classname="Test.SampleNg_Test" name="Test1" time="0.006"/>
  <testcase classname="Test.SampleNg_Test" name="Test1" time="0.011"/>
  <testcase classname="Test.SampleNg_Test" name="Test1" time="0.011"/>
  <testcase classname="Test.SampleNg_Test" name="Example" time="0.01"/>
  <testcase classname="Test.SampleNg_Test" name="Demo" time="0.0">
    <ignored/>
  </testcase> <!-- Demo -->
  <testcase classname="Test.SampleNg_Test" name="Test2" time="0.0">
    <ignored/>
  </testcase> <!-- Test2 -->
</testsuite> <!-- Test -->
