<?xml version="1.0" encoding="UTF-8"?>
<testng-results ignored="0" total="1" passed="1" failed="0" skipped="0">
  <reporter-output>
  </reporter-output>
  <suite started-at="2022-07-24T11:51:38 IST" name="Default suite" finished-at="2022-07-24T11:52:04 IST" duration-ms="26081">
    <groups>
    </groups>
    <test started-at="2022-07-24T11:51:38 IST" name="Default test" finished-at="2022-07-24T11:52:04 IST" duration-ms="26081">
      <class name="Test.tabletest">
        <test-method is-config="true" signature="BrowserLaunch()[pri:0, instance:Test.tabletest@5ab956d7]" started-at="2022-07-24T11:51:38 IST" name="BrowserLaunch" finished-at="2022-07-24T11:52:03 IST" duration-ms="25870" status="PASS">
          <reporter-output>
          </reporter-output>
        </test-method> <!-- BrowserLaunch -->
        <test-method signature="WatchListTable()[pri:0, instance:Test.tabletest@5ab956d7]" started-at="2022-07-24T11:52:03 IST" name="WatchListTable" finished-at="2022-07-24T11:52:04 IST" duration-ms="100" status="PASS">
          <reporter-output>
          </reporter-output>
        </test-method> <!-- WatchListTable -->
      </class> <!-- Test.tabletest -->
    </test> <!-- Default test -->
  </suite> <!-- Default suite -->
</testng-results>
